
=== Tue Dec 28 22:40:44 2021

Packages were changed.
Update Mode: mergeDefaultDependencies

The following packages were added:
  com.unity.collab-proxy@1.2.16
  com.unity.modules.ai@1.0.0
  com.unity.modules.cloth@1.0.0
  com.unity.modules.director@1.0.0
  com.unity.modules.physics@1.0.0
  com.unity.modules.terrain@1.0.0
  com.unity.modules.terrainphysics@1.0.0
  com.unity.modules.umbra@1.0.0
  com.unity.modules.vehicles@1.0.0
  com.unity.modules.vr@1.0.0
  com.unity.modules.wind@1.0.0
  com.unity.modules.xr@1.0.0
  com.unity.timeline@1.2.18
The following packages were updated:
  com.unity.2d.pixel-perfect from version 2.0.4 to 2.1.0
  com.unity.mobile.android-logcat from version 1.2.0 to 1.2.1
  com.unity.mobile.notifications from version 1.0.3 to 1.3.2
  com.unity.test-framework from version 1.1.20 to 1.1.22

=== Mon Feb  7 23:33:05 2022

Packages were changed.
Update Mode: updateDependencies

The following packages were updated:
  com.unity.2d.spriteshape from version 3.0.14 to 3.0.15
  com.unity.ide.rider from version 1.1.4 to 1.2.1
  com.unity.test-framework from version 1.1.22 to 1.1.24
  com.unity.textmeshpro from version 2.1.3 to 2.1.4

=== Thu Feb 17 15:21:57 2022

Packages were changed.
Update Mode: updateDependencies

The following packages were added:
  com.unity.ide.visualstudio@2.0.14
The following packages were updated:
  com.unity.2d.animation from version 3.2.6 to 5.1.0
  com.unity.2d.pixel-perfect from version 2.1.0 to 4.0.1
  com.unity.2d.psdimporter from version 2.1.6 to 4.2.0
  com.unity.2d.spriteshape from version 3.0.15 to 5.2.0
  com.unity.collab-proxy from version 1.2.16 to 1.15.7
  com.unity.ide.rider from version 1.2.1 to 2.0.7
  com.unity.ide.vscode from version 1.2.3 to 1.2.4
  com.unity.mobile.android-logcat from version 1.2.1 to 1.2.3
  com.unity.mobile.notifications from version 1.3.2 to 1.4.2
  com.unity.render-pipelines.universal from version 7.5.3 to 10.8.1
  com.unity.test-framework from version 1.1.24 to 1.1.29
  com.unity.textmeshpro from version 2.1.4 to 3.0.6
  com.unity.timeline from version 1.2.18 to 1.4.8
